# JRE version: OpenJDK Runtime Environment Temurin-17.0.11+9 (17.0.11+9) (build 17.0.11+9)
# Java VM: OpenJDK 64-Bit Server VM Temurin-17.0.11+9 (17.0.11+9, mixed mode, emulated-client, tiered, compressed oops, compressed class ptrs, g1 gc, windows-amd64)
GC Precious Log:
 CPUs: 8 total, 8 available
 Memory: 6030M
 Large Page Support: Disabled
 NUMA Support: Disabled
 Compressed Oops: Enabled (32-bit)
 Heap Region Size: 1M
 Heap Min Capacity: 8M
 Heap Initial Capacity: 96M
 Heap Max Capacity: 1G
 Pre-touch: Disabled
 Parallel Workers: 8
 Concurrent Workers: 2
 Concurrent Refinement Workers: 8
 Periodic GC: Disabled
Heap:
 garbage-first heap   total 78848K, used 24681K [0x00000000c0000000, 0x0000000100000000)
  region size 1024K, 1 young (1024K), 0 survivors (0K)
 Metaspace       used 39331K, committed 39936K, reserved 1114112K
  class space    used 5209K, committed 5440K, reserved 1048576K
GC Heap History (20 events):
Event: 883.323 GC heap before
{Heap before GC invocations=85 (full 76):
 garbage-first heap   total 78848K, used 24681K [0x00000000c0000000, 0x0000000100000000)
  region size 1024K, 1 young (1024K), 0 survivors (0K)
 Metaspace       used 39331K, committed 39936K, reserved 1114112K
  class space    used 5209K, committed 5440K, reserved 1048576K
}
Event: 883.357 GC heap after
{Heap after GC invocations=86 (full 77):
 garbage-first heap   total 78848K, used 24682K [0x00000000c0000000, 0x0000000100000000)
  region size 1024K, 0 young (0K), 0 survivors (0K)
 Metaspace       used 39331K, committed 39936K, reserved 1114112K
  class space    used 5209K, committed 5440K, reserved 1048576K
}
Event: 893.544 GC heap before
{Heap before GC invocations=86 (full 77):
 garbage-first heap   total 78848K, used 24682K [0x00000000c0000000, 0x0000000100000000)
  region size 1024K, 1 young (1024K), 0 survivors (0K)
 Metaspace       used 39331K, committed 39936K, reserved 1114112K
  class space    used 5209K, committed 5440K, reserved 1048576K
}
Event: 893.575 GC heap after
{Heap after GC invocations=87 (full 78):
 garbage-first heap   total 78848K, used 24682K [0x00000000c0000000, 0x0000000100000000)
  region size 1024K, 0 young (0K), 0 survivors (0K)
 Metaspace       used 39331K, committed 39936K, reserved 1114112K
  class space    used 5209K, committed 5440K, reserved 1048576K
}
Event: 904.175 GC heap before
{Heap before GC invocations=87 (full 78):
 garbage-first heap   total 78848K, used 24682K [0x00000000c0000000, 0x0000000100000000)
  region size 1024K, 1 young (1024K), 0 survivors (0K)
 Metaspace       used 39331K, committed 39936K, reserved 1114112K
  class space    used 5209K, committed 5440K, reserved 1048576K
}
Event: 904.217 GC heap after
{Heap after GC invocations=88 (full 79):
 garbage-first heap   total 78848K, used 24682K [0x00000000c0000000, 0x0000000100000000)
  region size 1024K, 0 young (0K), 0 survivors (0K)
 Metaspace       used 39331K, committed 39936K, reserved 1114112K
  class space    used 5209K, committed 5440K, reserved 1048576K
}
Event: 914.439 GC heap before
{Heap before GC invocations=88 (full 79):
 garbage-first heap   total 78848K, used 24682K [0x00000000c0000000, 0x0000000100000000)
  region size 1024K, 1 young (1024K), 0 survivors (0K)
 Metaspace       used 39331K, committed 39936K, reserved 1114112K
  class space    used 5209K, committed 5440K, reserved 1048576K
}
Event: 914.470 GC heap after
{Heap after GC invocations=89 (full 80):
 garbage-first heap   total 78848K, used 24681K [0x00000000c0000000, 0x0000000100000000)
  region size 1024K, 0 young (0K), 0 survivors (0K)
 Metaspace       used 39331K, committed 39936K, reserved 1114112K
  class space    used 5209K, committed 5440K, reserved 1048576K
}
Event: 924.846 GC heap before
{Heap before GC invocations=89 (full 80):
 garbage-first heap   total 78848K, used 24681K [0x00000000c0000000, 0x0000000100000000)
  region size 1024K, 1 young (1024K), 0 survivors (0K)
 Metaspace       used 39331K, committed 39936K, reserved 1114112K
  class space    used 5209K, committed 5440K, reserved 1048576K
}
Event: 924.881 GC heap after
{Heap after GC invocations=90 (full 81):
 garbage-first heap   total 78848K, used 24681K [0x00000000c0000000, 0x0000000100000000)
  region size 1024K, 0 young (0K), 0 survivors (0K)
 Metaspace       used 39331K, committed 39936K, reserved 1114112K
  class space    used 5209K, committed 5440K, reserved 1048576K
}
Event: 935.415 GC heap before
{Heap before GC invocations=90 (full 81):
 garbage-first heap   total 78848K, used 24681K [0x00000000c0000000, 0x0000000100000000)
  region size 1024K, 1 young (1024K), 0 survivors (0K)
 Metaspace       used 39331K, committed 39936K, reserved 1114112K
  class space    used 5209K, committed 5440K, reserved 1048576K
}
Event: 935.449 GC heap after
{Heap after GC invocations=91 (full 82):
 garbage-first heap   total 78848K, used 24681K [0x00000000c0000000, 0x0000000100000000)
  region size 1024K, 0 young (0K), 0 survivors (0K)
 Metaspace       used 39331K, committed 39936K, reserved 1114112K
  class space    used 5209K, committed 5440K, reserved 1048576K
}
Event: 945.681 GC heap before
{Heap before GC invocations=91 (full 82):
 garbage-first heap   total 78848K, used 24681K [0x00000000c0000000, 0x0000000100000000)
  region size 1024K, 1 young (1024K), 0 survivors (0K)
 Metaspace       used 39331K, committed 39936K, reserved 1114112K
  class space    used 5209K, committed 5440K, reserved 1048576K
}
Event: 945.708 GC heap after
{Heap after GC invocations=92 (full 83):
 garbage-first heap   total 78848K, used 24681K [0x00000000c0000000, 0x0000000100000000)
  region size 1024K, 0 young (0K), 0 survivors (0K)
 Metaspace       used 39331K, committed 39936K, reserved 1114112K
  class space    used 5209K, committed 5440K, reserved 1048576K
}
Event: 955.993 GC heap before
{Heap before GC invocations=92 (full 83):
 garbage-first heap   total 78848K, used 24681K [0x00000000c0000000, 0x0000000100000000)
  region size 1024K, 1 young (1024K), 0 survivors (0K)
 Metaspace       used 39331K, committed 39936K, reserved 1114112K
  class space    used 5209K, committed 5440K, reserved 1048576K
}
Event: 956.020 GC heap after
{Heap after GC invocations=93 (full 84):
 garbage-first heap   total 78848K, used 24681K [0x00000000c0000000, 0x0000000100000000)
  region size 1024K, 0 young (0K), 0 survivors (0K)
 Metaspace       used 39331K, committed 39936K, reserved 1114112K
  class space    used 5209K, committed 5440K, reserved 1048576K
}
Event: 966.203 GC heap before
{Heap before GC invocations=93 (full 84):
 garbage-first heap   total 78848K, used 24681K [0x00000000c0000000, 0x0000000100000000)
  region size 1024K, 1 young (1024K), 0 survivors (0K)
 Metaspace       used 39331K, committed 39936K, reserved 1114112K
  class space    used 5209K, committed 5440K, reserved 1048576K
}
Event: 966.225 GC heap after
{Heap after GC invocations=94 (full 85):
 garbage-first heap   total 78848K, used 24681K [0x00000000c0000000, 0x0000000100000000)
  region size 1024K, 0 young (0K), 0 survivors (0K)
 Metaspace       used 39331K, committed 39936K, reserved 1114112K
  class space    used 5209K, committed 5440K, reserved 1048576K
}
Event: 976.511 GC heap before
{Heap before GC invocations=94 (full 85):
 garbage-first heap   total 78848K, used 24681K [0x00000000c0000000, 0x0000000100000000)
  region size 1024K, 1 young (1024K), 0 survivors (0K)
 Metaspace       used 39331K, committed 39936K, reserved 1114112K
  class space    used 5209K, committed 5440K, reserved 1048576K
}
Event: 976.545 GC heap after
{Heap after GC invocations=95 (full 86):
 garbage-first heap   total 78848K, used 24681K [0x00000000c0000000, 0x0000000100000000)
  region size 1024K, 0 young (0K), 0 survivors (0K)
 Metaspace       used 39331K, committed 39936K, reserved 1114112K
  class space    used 5209K, committed 5440K, reserved 1048576K
}

